{"numTotalTestSuites":281,"numPassedTestSuites":281,"numFailedTestSuites":0,"numPendingTestSuites":0,"numTotalTests":716,"numPassedTests":716,"numFailedTests":0,"numPendingTests":0,"numTodoTests":0,"snapshot":{"added":0,"failure":false,"filesAdded":0,"filesRemoved":0,"filesRemovedList":[],"filesUnmatched":0,"filesUpdated":0,"matched":0,"total":0,"unchecked":0,"uncheckedKeysByFile":[],"unmatched":0,"updated":0,"didUpdate":false},"startTime":1788627766005,"success":true,"testResults":[{"assertionResults":[{"ancestorTitles":[],"fullName":"build precompresses the document and text assets without duplicating compressed fonts","status":"passed","title":"build precompresses the document and text assets without duplicating compressed fonts","duration":96.388,"failureMessages":[],"meta":{},"tags":[]}],"startTime":1788627768024,"endTime":1788627768120.388,"status":"passed","message":"","name":"/Users/developwent/.codex/artifacts/hikyo-1.0-20260905/private-remediation/client/web/e2e/precompress.test.ts"},{"assertionResults":[{"ancestorTitles":["prototype mock session"],"fullName":"prototype mock session keeps a long-running mock server session unexpired","status":"passed","title":"keeps a long-running mock server session unexpired","duration":1.016208000000006,"failureMessages":[],"meta":{},"tags":[]},{"ancestorTitles":["prototype mock session"],"fullName":"prototype mock session keeps the assurance identity stable across successive reads","status":"passed","title":"keeps the assurance identity stable across successive reads","duration":0.3334159999999997,"failureMessages":[],"meta":{},"tags":[]},{"ancestorTitles":["prototype mock session"],"fullName":"prototype mock session serves every read needed by the finalized non-matrix app chrome","status":"passed","title":"serves every read needed by the finalized non-matrix app chrome","duration":1.0403749999999832,"failureMessages":[],"meta":{},"tags":[]}],"startTime":1788627771174,"endTime":1788627771177.0403,"status":"passed","message":"","name":"/Users/developwent/.codex/artifacts/hikyo-1.0-20260905/private-remediation/client/web/e2e/prototype-mock.test.ts"},{"assertionResults":[{"ancestorTitles":["the closed flow registry"],"fullName":"the closed flow registry is closed for this build","status":"passed","title":"is closed for this build","duration":1.132708000000008,"failureMessages":[],"meta":{},"tags":[]},{"ancestorTitles":["the closed flow registry"],"fullName":"the closed flow registry fails when a locked surface has no flow","status":"passed","title":"fails when a locked surface has no flow","duration":0.4881249999999966,"failureMessages":[],"meta":{},"tags":[]},{"ancestorTitles":["the closed flow registry"],"fullName":"the closed flow registry fails when a flow names a surface that no longer exists","status":"passed","title":"fails when a flow names a surface that no longer exists","duration":0.18591700000001765,"failureMessages":[],"meta":{},"tags":[]},{"ancestorTitles":["the closed flow registry"],"fullName":"the closed flow registry fails when a registered spec file is missing","status":"passed","title":"fails when a registered spec file is missing","duration":0.10620799999998098,"failureMessages":[],"meta":{},"tags":[]},{"ancestorTitles":["the closed flow registry"],"fullName":"the closed flow registry leaves no route that did not come from the surface table","status":"passed","title":"leaves no route that did not come from the surface table","duration":0.3165419999999983,"failureMessages":[],"meta":{},"tags":[]},{"ancestorTitles":["the closed flow registry"],"fullName":"the closed flow registry fails when a flow covers nothing","status":"passed","title":"fails when a flow covers nothing","duration":0.12762499999999477,"failureMessages":[],"meta":{},"tags":[]},{"ancestorTitles":["surfacesForFlow"],"fullName":"surfacesForFlow resolves a flow's claims to the router's own records","status":"passed","title":"resolves a flow's claims to the router's own records","duration":0.15045800000001464,"failureMessages":[],"meta":{},"tags":[]},{"ancestorTitles":["surfacesForFlow"],"fullName":"surfacesForFlow throws on an unknown flow rather than returning an empty loop","status":"passed","title":"throws on an unknown flow rather than returning an empty loop","duration":0.3186670000000049,"failureMessages":[],"meta":{},"tags":[]},{"ancestorTitles":["passkey flow ownership"],"fullName":"passkey flow ownership leaves authenticator persistence and shared-session repair to the passkey fixture","status":"passed","title":"leaves authenticator persistence and shared-session repair to the passkey fixture","duration":2.473165999999992,"failureMessages":[],"meta":{},"tags":[]},{"ancestorTitles":["the execution half of closure"],"fullName":"the execution half of closure is satisfied when every claim ran in both themes","status":"passed","title":"is satisfied when every claim ran in both themes","duration":0.3026249999999777,"failureMessages":[],"meta":{},"tags":[]},{"ancestorTitles":["the execution half of closure"],"fullName":"the execution half of closure fails when only the dark-theme assertion ran","status":"passed","title":"fails when only the dark-theme assertion ran","duration":0.16654199999999264,"failureMessages":[],"meta":{},"tags":[]},{"ancestorTitles":["the execution half of closure"],"fullName":"the execution half of closure fails when only the light-theme assertion ran","status":"passed","title":"fails when only the light-theme assertion ran","duration":0.1434579999999812,"failureMessages":[],"meta":{},"tags":[]},{"ancestorTitles":["the execution half of closure"],"fullName":"the execution half of closure fails a surface that was claimed but never asserted","status":"passed","title":"fails a surface that was claimed but never asserted","duration":0.6525839999999903,"failureMessages":[],"meta":{},"tags":[]},{"ancestorTitles":["the execution half of closure"],"fullName":"the execution half of closure fails everything when nothing ran at all","status":"passed","title":"fails everything when nothing ran at all","duration":0.05312500000002274,"failureMessages":[],"meta":{},"tags":[]},{"ancestorTitles":["the execution half of closure"],"fullName":"the execution half of closure does not accept another flow's execution as this one's","status":"passed","title":"does not accept another flow's execution as this one's","duration":0.0650410000000079,"failureMessages":[],"meta":{},"tags":[]},{"ancestorTitles":["the execution half of closure"],"fullName":"the execution half of closure fails every missing claim for a project that appears anywhere in a combined run","status":"passed","title":"fails every missing claim for a project that appears anywhere in a combined run","duration":0.2195000000000107,"failureMessages":[],"meta":{},"tags":[]}],"startTime":1788627770488,"endTime":1788627770495.6526,"status":"passed","message":"","name":"/Users/developwent/.codex/artifacts/hikyo-1.0-20260905/private-remediation/client/web/e2e/registry.test.ts"},{"assertionResults":[{"ancestorTitles":["BrowserApiError"],"fullName":"BrowserApiError keeps the response status and body as typed error data","status":"passed","title":"keeps the response status and body as typed error data","duration":0.8278329999999983,"failureMessages":[],"meta":{},"tags":[]}],"startTime":1788627771682,"endTime":1788627771682.828,"status":"passed","message":"","name":"/Users/developwent/.codex/artifacts/hikyo-1.0-20260905/private-remediation/client/web/e2e/fixtures/api.test.ts"},{"assertionResults":[{"ancestorTitles":["fake IdP issuer binding"],"fullName":"fake IdP issuer binding accepts the actual loopback port when the OS assigns it","status":"passed","title":"accepts the actual loopback port when the OS assigns it","duration":0.8721659999999929,"failureMessages":[],"meta":{},"tags":[]},{"ancestorTitles":["fake IdP issuer binding"],"fullName":"fake IdP issuer binding requires an explicitly requested port to match","status":"passed","title":"requires an explicitly requested port to match","duration":0.12941699999998946,"failureMessages":[],"meta":{},"tags":[]},{"ancestorTitles":["fake IdP issuer binding"],"fullName":"fake IdP issuer binding rejects malformed, non-loopback, and unbound issuers","status":"passed","title":"rejects malformed, non-loopback, and unbound issuers","duration":0.13016700000002857,"failureMessages":[],"meta":{},"tags":[]},{"ancestorTitles":["shared passkey persistence"],"fullName":"shared passkey persistence throws when the authenticator no longer holds the shared credential","status":"passed","title":"throws when the authenticator no longer holds the shared credential","duration":0.4114999999999327,"failureMessages":[],"meta":{},"tags":[]},{"ancestorTitles":["shared session refresh decision"],"fullName":"shared session refresh decision does not re-mint a live file-backed session","status":"passed","title":"does not re-mint a live file-backed session","duration":0.3925420000000486,"failureMessages":[],"meta":{},"tags":[]},{"ancestorTitles":["shared session refresh decision"],"fullName":"shared session refresh decision re-mints only when the file-backed session is unauthenticated","status":"passed","title":"re-mints only when the file-backed session is unauthenticated","duration":0.15437500000007276,"failureMessages":[],"meta":{},"tags":[]},{"ancestorTitles":["shared session refresh decision"],"fullName":"shared session refresh decision fails loud when the probe itself fails","status":"passed","title":"fails loud when the probe itself fails","duration":0.38466699999992215,"failureMessages":[],"meta":{},"tags":[]}],"startTime":1788627771462,"endTime":1788627771464.3926,"status":"passed","message":"","name":"/Users/developwent/.codex/artifacts/hikyo-1.0-20260905/private-remediation/client/web/e2e/fixtures/instance.test.ts"},{"assertionResults":[{"ancestorTitles":["AuthProvider"],"fullName":"AuthProvider drops deferred results from the previous session before rendering a replacement","status":"passed","title":"drops deferred results from the previous session before rendering a replacement","duration":25.645416999999952,"failureMessages":[],"meta":{},"tags":[]},{"ancestorTitles":["AuthProvider"],"fullName":"AuthProvider preserves the session cache for a same-epoch assurance refresh","status":"passed","title":"preserves the session cache for a same-epoch assurance refresh","duration":4.917416000000003,"failureMessages":[],"meta":{},"tags":[]},{"ancestorTitles":["AuthProvider"],"fullName":"AuthProvider moves an expired session to anonymous and discards its cache","status":"passed","title":"moves an expired session to anonymous and discards its cache","duration":4.102958999999828,"failureMessages":[],"meta":{},"tags":[]},{"ancestorTitles":["AuthProvider"],"fullName":"AuthProvider keeps painting the current session while a focus check is in flight, then settles a replacement","status":"passed","title":"keeps painting the current session while a focus check is in flight, then settles a replacement","duration":57.544167000000016,"failureMessages":[],"meta":{},"tags":[]},{"ancestorTitles":["AuthProvider"],"fullName":"AuthProvider leaves an unchanged session untouched on refocus","status":"passed","title":"leaves an unchanged session untouched on refocus","duration":4.876540999999861,"failureMessages":[],"meta":{},"tags":[]},{"ancestorTitles":["AuthProvider"],"fullName":"AuthProvider defaults capabilities on a login result and hydrates them from whoami","status":"passed","title":"defaults capabilities on a login result and hydrates them from whoami","duration":4.047542000000021,"failureMessages":[],"meta":{},"tags":[]},{"ancestorTitles":["AuthProvider"],"fullName":"AuthProvider latches the reload wall when the very first check has no session to fall back on","status":"passed","title":"latches the reload wall when the very first check has no session to fall back on","duration":1.9734169999999267,"failureMessages":[],"meta":{},"tags":[]},{"ancestorTitles":["AuthProvider"],"fullName":"AuthProvider keeps a still-valid session painting through a background revalidation blip and recovers","status":"passed","title":"keeps a still-valid session painting through a background revalidation blip and recovers","duration":5.479125000000067,"failureMessages":[],"meta":{},"tags":[]},{"ancestorTitles":["AuthProvider"],"fullName":"AuthProvider recovers a degraded session on its own through the backoff retry","status":"passed","title":"recovers a degraded session on its own through the backoff retry","duration":5.182624999999916,"failureMessages":[],"meta":{},"tags":[]},{"ancestorTitles":["AuthProvider"],"fullName":"AuthProvider walls a session whose absolute deadline has passed even when the server is unreachable","status":"passed","title":"walls a session whose absolute deadline has passed even when the server is unreachable","duration":3.0002079999999296,"failureMessages":[],"meta":{},"tags":[]},{"ancestorTitles":["AuthProvider"],"fullName":"AuthProvider ignores a mutation result captured before a newer session replacement","status":"passed","title":"ignores a mutation result captured before a newer session replacement","duration":6.163916999999856,"failureMessages":[],"meta":{},"tags":[]},{"ancestorTitles":[],"fullName":"retires plaintext and pending delivery at real auth logout","status":"passed","title":"retires plaintext and pending delivery at real auth logout","duration":3.469000000000051,"failureMessages":[],"meta":{},"tags":[]},{"ancestorTitles":[],"fullName":"retires plaintext and pending delivery at real auth expiry","status":"passed","title":"retires plaintext and pending delivery at real auth expiry","duration":4.532207999999855,"failureMessages":[],"meta":{},"tags":[]},{"ancestorTitles":[],"fullName":"retires plaintext and pending delivery at real auth replacement","status":"passed","title":"retires plaintext and pending delivery at real auth replacement","duration":3.1697079999999005,"failureMessages":[],"meta":{},"tags":[]}],"startTime":1788627767461,"endTime":1788627767596.1697,"status":"passed","message":"","name":"/Users/developwent/.codex/artifacts/hikyo-1.0-20260905/private-remediation/client/web/src/app/AuthProvider.test.tsx"},{"assertionResults":[{"ancestorTitles":["writeExpiringClipboard"],"fullName":"writeExpiringClipboard reports audited copy honestly and clears while the tab remains focused","status":"passed","title":"reports audited copy honestly and clears while the tab remains focused","duration":4.715583000000009,"failureMessages":[],"meta":{},"tags":[]},{"ancestorTitles":["writeClipboard"],"fullName":"writeClipboard reports ok when the browser writes the value","status":"passed","title":"reports ok when the browser writes the value","duration":0.5728330000000028,"failureMessages":[],"meta":{},"tags":[]},{"ancestorTitles":["writeClipboard"],"fullName":"writeClipboard reports refused when the browser rejects the write","status":"passed","title":"reports refused when the browser rejects the write","duration":0.18054200000000264,"failureMessages":[],"meta":{},"tags":[]},{"ancestorTitles":["writeClipboard"],"fullName":"writeClipboard reports refused when clipboard access throws synchronously","status":"passed","title":"reports refused when clipboard access throws synchronously","duration":0.13866600000000062,"failureMessages":[],"meta":{},"tags":[]},{"ancestorTitles":["writeClipboard"],"fullName":"writeClipboard reports refused when the clipboard API is absent","status":"passed","title":"reports refused when the clipboard API is absent","duration":0.0942500000000166,"failureMessages":[],"meta":{},"tags":[]}],"startTime":1788627770879,"endTime":1788627770885.1807,"status":"passed","message":"","name":"/Users/developwent/.codex/artifacts/hikyo-1.0-20260905/private-remediation/client/web/src/app/clipboard.test.ts"},{"assertionResults":[{"ancestorTitles":["the route policy registry"],"fullName":"the route policy registry ships a registry with no duplicate ids, duplicate paths, or misplaced chrome","status":"passed","title":"ships a registry with no duplicate ids, duplicate paths, or misplaced chrome","duration":1.2435409999999933,"failureMessages":[],"meta":{},"tags":[]},{"ancestorTitles":["the route policy registry"],"fullName":"the route policy registry derives every sidebar section from the table, in table order","status":"passed","title":"derives every sidebar section from the table, in table order","duration":0.25670800000000327,"failureMessages":[],"meta":{},"tags":[]},{"ancestorTitles":["the route policy registry"],"fullName":"the route policy registry puts every shell surface with a section in exactly one section","status":"passed","title":"puts every shell surface with a section in exactly one section","duration":0.18266699999998082,"failureMessages":[],"meta":{},"tags":[]},{"ancestorTitles":["the route policy registry"],"fullName":"the route policy registry marks project-scoped surfaces by their path, not by declaration","status":"passed","title":"marks project-scoped surfaces by their path, not by declaration","duration":0.13887499999998454,"failureMessages":[],"meta":{},"tags":[]},{"ancestorTitles":["the route policy registry"],"fullName":"the route policy registry makes public and session-establishing ceremony routes anonymous-reachable, not required ones","status":"passed","title":"makes public and session-establishing ceremony routes anonymous-reachable, not required ones","duration":0.0886250000000075,"failureMessages":[],"meta":{},"tags":[]},{"ancestorTitles":["the route policy registry"],"fullName":"the route policy registry rejects duplicate route ids and paths","status":"passed","title":"rejects duplicate route ids and paths","duration":0.07158300000000395,"failureMessages":[],"meta":{},"tags":[]},{"ancestorTitles":["the route policy registry"],"fullName":"the route policy registry rejects a chromeless route placed in shell navigation","status":"passed","title":"rejects a chromeless route placed in shell navigation","duration":0.40245799999999576,"failureMessages":[],"meta":{},"tags":[]}],"startTime":1788627770975,"endTime":1788627770977.4023,"status":"passed","message":"","name":"/Users/developwent/.codex/artifacts/hikyo-1.0-20260905/private-remediation/client/web/src/app/navigation.test.ts"},{"assertionResults":[{"ancestorTitles":["toast store"],"fullName":"toast store renders both live regions empty before any toast appears","status":"passed","title":"renders both live regions empty before any toast appears","duration":14.804333000000042,"failureMessages":[],"meta":{},"tags":[]},{"ancestorTitles":["toast store"],"fullName":"toast store announces a success toast in the polite region","status":"passed","title":"announces a success toast in the polite region","duration":7.206375000000037,"failureMessages":[],"meta":{},"tags":[]},{"ancestorTitles":["toast store"],"fullName":"toast store announces a failure toast in the assertive region","status":"passed","title":"announces a failure toast in the assertive region","duration":2.754332999999974,"failureMessages":[],"meta":{},"tags":[]},{"ancestorTitles":["toast store"],"fullName":"toast store runs the outgoing onDismiss when another toast overwrites it","status":"passed","title":"runs the outgoing onDismiss when another toast overwrites it","duration":0.5498749999999859,"failureMessages":[],"meta":{},"tags":[]},{"ancestorTitles":["toast store"],"fullName":"toast store runs the outgoing onDismiss when the store is cleared","status":"passed","title":"runs the outgoing onDismiss when the store is cleared","duration":0.10958299999998644,"failureMessages":[],"meta":{},"tags":[]}],"startTime":1788627769321,"endTime":1788627769346.1096,"status":"passed","message":"","name":"/Users/developwent/.codex/artifacts/hikyo-1.0-20260905/private-remediation/client/web/src/app/notifications.test.tsx"},{"assertionResults":[{"ancestorTitles":["the closed atom table"],"fullName":"the closed atom table offers every tenant atom at org scope and only environment atoms at environment scope","status":"passed","title":"offers every tenant atom at org scope and only environment atoms at environment scope","duration":3.9591670000000363,"failureMessages":[],"meta":{},"tags":[]},{"ancestorTitles":["the closed atom table"],"fullName":"the closed atom table offers project atoms at project scope but not the org-only ones","status":"passed","title":"offers project atoms at project scope but not the org-only ones","duration":0.5970419999999876,"failureMessages":[],"meta":{},"tags":[]},{"ancestorTitles":["the closed atom table"],"fullName":"the closed atom table never offers an instance-only atom or the system-created scim one","status":"passed","title":"never offers an instance-only atom or the system-created scim one","duration":1.5928749999999923,"failureMessages":[],"meta":{},"tags":[]},{"ancestorTitles":["the closed atom table"],"fullName":"the closed atom table gives every atom an explanation, because the (?) toggle has nothing else to show","status":"passed","title":"gives every atom an explanation, because the (?) toggle has nothing else to show","duration":0.5199579999999742,"failureMessages":[],"meta":{},"tags":[]},{"ancestorTitles":["the closed atom table"],"fullName":"the closed atom table offers maintainer and admin only at org and project scope","status":"passed","title":"offers maintainer and admin only at org and project scope","duration":0.4743339999999989,"failureMessages":[],"meta":{},"tags":[]},{"ancestorTitles":["the closed atom table"],"fullName":"the closed atom table offers every human-grantable atom and only operator at instance scope","status":"passed","title":"offers every human-grantable atom and only operator at instance scope","duration":0.17354100000000017,"failureMessages":[],"meta":{},"tags":[]},{"ancestorTitles":["the closed atom table"],"fullName":"the closed atom table expands admin differently at org and project scope","status":"passed","title":"expands admin differently at org and project scope","duration":0.11654199999998127,"failureMessages":[],"meta":{},"tags":[]},{"ancestorTitles":["scope ordering and the safe default"],"fullName":"scope ordering and the safe default orders narrow to wide and puts a protected environment last inside its project","status":"passed","title":"orders narrow to wide and puts a protected environment last inside its project","duration":0.0871670000000222,"failureMessages":[],"meta":{},"tags":[]},{"ancestorTitles":["scope ordering and the safe default"],"fullName":"scope ordering and the safe default prefers a confirmed-unprotected staging environment over an earlier development environment","status":"passed","title":"prefers a confirmed-unprotected staging environment over an earlier development environment","duration":0.14608299999997598,"failureMessages":[],"meta":{},"tags":[]},{"ancestorTitles":["scope ordering and the safe default"],"fullName":"scope ordering and the safe default uses the first confirmed-unprotected environment when staging is absent","status":"passed","title":"uses the first confirmed-unprotected environment when staging is absent","duration":0.07262500000001637,"failureMessages":[],"meta":{},"tags":[]},{"ancestorTitles":["scope ordering and the safe default"],"fullName":"scope ordering and the safe default preselects nothing when no environment is known to be unprotected","status":"passed","title":"preselects nothing when no environment is known to be unprotected","duration":0.0620829999999728,"failureMessages":[],"meta":{},"tags":[]},{"ancestorTitles":["grant refusals"],"fullName":"grant refusals maps a partial failure with explicit progress and the mapped refusal cause","status":"passed","title":"maps a partial failure with explicit progress and the mapped refusal cause","duration":0.16516699999999673,"failureMessages":[],"meta":{},"tags":[]},{"ancestorTitles":["the org-scope blast radius"],"fullName":"the org-scope blast radius enumerates every project and environment, and says future projects inherit","status":"passed","title":"enumerates every project and environment, and says future projects inherit","duration":0.11624999999997954,"failureMessages":[],"meta":{},"tags":[]},{"ancestorTitles":["the org-scope blast radius"],"fullName":"the org-scope blast radius says so when a project holds no environments rather than rendering an empty cell","status":"passed","title":"says so when a project holds no environments rather than rendering an empty cell","duration":0.045083000000033735,"failureMessages":[],"meta":{},"tags":[]},{"ancestorTitles":["membership rows"],"fullName":"membership rows groups one row per principal and scope, keeping each capability its own line","status":"passed","title":"groups one row per principal and scope, keeping each capability its own line","duration":8.070875000000001,"failureMessages":[],"meta":{},"tags":[]},{"ancestorTitles":["membership rows"],"fullName":"membership rows labels each depth by what it reaches, not by its id","status":"passed","title":"labels each depth by what it reaches, not by its id","duration":0.10245800000001282,"failureMessages":[],"meta":{},"tags":[]},{"ancestorTitles":["membership rows"],"fullName":"membership rows derives every depth from one validated scope helper","status":"passed","title":"derives every depth from one validated scope helper","duration":0.08545900000001438,"failureMessages":[],"meta":{},"tags":[]},{"ancestorTitles":["membership rows"],"fullName":"membership rows does not claim revocation removed authority while another origin survives","status":"passed","title":"does not claim revocation removed authority while another origin survives","duration":0.09954200000004221,"failureMessages":[],"meta":{},"tags":[]},{"ancestorTitles":["who can …?"],"fullName":"who can …? counts a grant ABOVE the target, because grants inherit downward","status":"passed","title":"counts a grant ABOVE the target, because grants inherit downward","duration":0.10674999999997681,"failureMessages":[],"meta":{},"tags":[]},{"ancestorTitles":["who can …?"],"fullName":"who can …? does not count a sibling environment","status":"passed","title":"does not count a sibling environment","duration":0.04083400000001802,"failureMessages":[],"meta":{},"tags":[]},{"ancestorTitles":["who can …?"],"fullName":"who can …? does not count a narrower grant as covering the whole org","status":"passed","title":"does not count a narrower grant as covering the whole org","duration":0.03416599999997061,"failureMessages":[],"meta":{},"tags":[]},{"ancestorTitles":["sequential grant creation"],"fullName":"sequential grant creation throws the completed capabilities and exact failed capability when a later create is refused","status":"passed","title":"throws the completed capabilities and exact failed capability when a later create is refused","duration":0.7933749999999691,"failureMessages":[],"meta":{},"tags":[]},{"ancestorTitles":["sequential grant creation"],"fullName":"sequential grant creation returns each server outcome instead of treating every success as a new grant","status":"passed","title":"returns each server outcome instead of treating every success as a new grant","duration":0.07487500000002001,"failureMessages":[],"meta":{},"tags":[]},{"ancestorTitles":["grant outcome rendering"],"fullName":"grant outcome rendering renders all three closed outcomes","status":"passed","title":"renders all three closed outcomes","duration":0.04270800000000463,"failureMessages":[],"meta":{},"tags":[]},{"ancestorTitles":["grant refusals"],"fullName":"grant refusals reads a 403 as the second-factor refusal it provably is on this surface","status":"passed","title":"reads a 403 as the second-factor refusal it provably is on this surface","duration":0.039667000000008557,"failureMessages":[],"meta":{},"tags":[]},{"ancestorTitles":["grant refusals"],"fullName":"grant refusals reads a 409 on revoke as the lockout invariant","status":"passed","title":"reads a 409 on revoke as the lockout invariant","duration":0.036000000000001364,"failureMessages":[],"meta":{},"tags":[]},{"ancestorTitles":["grant refusals"],"fullName":"grant refusals does not pretend to know which of the two answers a 404 is","status":"passed","title":"does not pretend to know which of the two answers a 404 is","duration":0.03212500000000773,"failureMessages":[],"meta":{},"tags":[]},{"ancestorTitles":["grant refusals"],"fullName":"grant refusals never presents a transport failure as a refusal","status":"passed","title":"never presents a transport failure as a refusal","duration":0.03941600000001699,"failureMessages":[],"meta":{},"tags":[]},{"ancestorTitles":["grant refusals"],"fullName":"grant refusals does not claim an unknown server failure changed nothing","status":"passed","title":"does not claim an unknown server failure changed nothing","duration":0.031082999999966887,"failureMessages":[],"meta":{},"tags":[]},{"ancestorTitles":["grant refusals"],"fullName":"grant refusals maps membership reads by status without calling every failure MFA","status":"passed","title":"maps membership reads by status without calling every failure MFA","duration":0.08283299999999372,"failureMessages":[],"meta":{},"tags":[]},{"ancestorTitles":["the domain registry fixture"],"fullName":"the domain registry fixture pins the TS grantable atoms and per-level template expansion to internal/domain","status":"passed","title":"pins the TS grantable atoms and per-level template expansion to internal/domain","duration":0.32799999999997453,"failureMessages":[],"meta":{},"tags":[]}],"startTime":1788627770269,"endTime":1788627770287.328,"status":"passed","message":"","name":"/Users/developwent/.codex/artifacts/hikyo-1.0-20260905/private-remediation/client/web/src/api/access.test.ts"},{"assertionResults":[{"ancestorTitles":["useSessionOIDCProvider"],"fullName":"useSessionOIDCProvider returns null when the session provider slug is no longer configured","status":"passed","title":"returns null when the session provider slug is no longer configured","duration":38.413666000000035,"failureMessages":[],"meta":{},"tags":[]},{"ancestorTitles":["useSessionOIDCProvider"],"fullName":"useSessionOIDCProvider recovers the configured session provider after its read is rate limited","status":"passed","title":"recovers the configured session provider after its read is rate limited","duration":55.892667000000074,"failureMessages":[],"meta":{},"tags":[]}],"startTime":1788627768447,"endTime":1788627768540.8926,"status":"passed","message":"","name":"/Users/developwent/.codex/artifacts/hikyo-1.0-20260905/private-remediation/client/web/src/api/account.session-oidc-provider.test.tsx"},{"assertionResults":[{"ancestorTitles":["passkeyCreationOptions"],"fullName":"passkeyCreationOptions preserves the server policy and converts every supplied binary field","status":"passed","title":"preserves the server policy and converts every supplied binary field","duration":1.6589999999999918,"failureMessages":[],"meta":{},"tags":[]},{"ancestorTitles":["passkeyCreationOptions"],"fullName":"passkeyCreationOptions rejects malformed excluded credentials instead of silently dropping them","status":"passed","title":"rejects malformed excluded credentials instead of silently dropping them","duration":0.4671249999998963,"failureMessages":[],"meta":{},"tags":[]},{"ancestorTitles":["passkeyCreationOptions"],"fullName":"passkeyCreationOptions rejects missing required policy instead of inventing defaults","status":"passed","title":"rejects missing required policy instead of inventing defaults","duration":0.12866700000006404,"failureMessages":[],"meta":{},"tags":[]},{"ancestorTitles":["accountFailureText"],"fullName":"accountFailureText maps status 400 honestly","status":"passed","title":"maps status 400 honestly","duration":0.15300000000002,"failureMessages":[],"meta":{},"tags":[]},{"ancestorTitles":["accountFailureText"],"fullName":"accountFailureText maps status 401 honestly","status":"passed","title":"maps status 401 honestly","duration":0.05683399999998073,"failureMessages":[],"meta":{},"tags":[]},{"ancestorTitles":["accountFailureText"],"fullName":"accountFailureText maps status 403 honestly","status":"passed","title":"maps status 403 honestly","duration":0.04908299999999599,"failureMessages":[],"meta":{},"tags":[]},{"ancestorTitles":["accountFailureText"],"fullName":"accountFailureText maps status 404 honestly","status":"passed","title":"maps status 404 honestly","duration":0.049916999999936706,"failureMessages":[],"meta":{},"tags":[]},{"ancestorTitles":["accountFailureText"],"fullName":"accountFailureText maps status 409 honestly","status":"passed","title":"maps status 409 honestly","duration":0.05737499999997908,"failureMessages":[],"meta":{},"tags":[]},{"ancestorTitles":["accountFailureText"],"fullName":"accountFailureText does not claim a failed server attempt was unchanged","status":"passed","title":"does not claim a failed server attempt was unchanged","duration":0.07558399999993526,"failureMessages":[],"meta":{},"tags":[]}],"startTime":1788627771341,"endTime":1788627771344.0757,"status":"passed","message":"","name":"/Users/developwent/.codex/artifacts/hikyo-1.0-20260905/private-remediation/client/web/src/api/account.test.ts"},{"assertionResults":[{"ancestorTitles":["watchProjectAdvisoryStream"],"fullName":"watchProjectAdvisoryStream parses and dispatches events, skips unknown ones, and reconnects after a clean end","status":"passed","title":"parses and dispatches events, skips unknown ones, and reconnects after a clean end","duration":4.625042000000008,"failureMessages":[],"meta":{},"tags":[]},{"ancestorTitles":["watchProjectAdvisoryStream"],"fullName":"watchProjectAdvisoryStream marks the fallback state when a stream fails, then reconnects after backoff","status":"passed","title":"marks the fallback state when a stream fails, then reconnects after backoff","duration":5.937167000000045,"failureMessages":[],"meta":{},"tags":[]},{"ancestorTitles":["watchProjectAdvisoryStream"],"fullName":"watchProjectAdvisoryStream stops subscribing when disposed, even mid-backoff","status":"passed","title":"stops subscribing when disposed, even mid-backoff","duration":7.4572919999999385,"failureMessages":[],"meta":{},"tags":[]}],"startTime":1788627769034,"endTime":1788627769052.4573,"status":"passed","message":"","name":"/Users/developwent/.codex/artifacts/hikyo-1.0-20260905/private-remediation/client/web/src/api/advisory-stream.test.ts"},{"assertionResults":[{"ancestorTitles":["advisory event boundary"],"fullName":"advisory event boundary parses the three event types the advisory channel emits","status":"passed","title":"parses the three event types the advisory channel emits","duration":3.700958000000014,"failureMessages":[],"meta":{},"tags":[]},{"ancestorTitles":["advisory event boundary"],"fullName":"advisory event boundary keeps an unknown event type from killing the stream","status":"passed","title":"keeps an unknown event type from killing the stream","duration":0.25116700000000947,"failureMessages":[],"meta":{},"tags":[]},{"ancestorTitles":["advisory event boundary"],"fullName":"advisory event boundary refuses a known type whose payload the wire contract does not describe","status":"passed","title":"refuses a known type whose payload the wire contract does not describe","duration":1.108083000000022,"failureMessages":[],"meta":{},"tags":[]},{"ancestorTitles":["advisory invalidation mapping"],"fullName":"advisory invalidation mapping publishes refresh the moved environment, its signals, and its pending drafts","status":"passed","title":"publishes refresh the moved environment, its signals, and its pending drafts","duration":0.48362500000001774,"failureMessages":[],"meta":{},"tags":[]},{"ancestorTitles":["advisory invalidation mapping"],"fullName":"advisory invalidation mapping cell changes touch only the signals query, which cascades to values on advancement","status":"passed","title":"cell changes touch only the signals query, which cascades to values on advancement","duration":0.19925000000000637,"failureMessages":[],"meta":{},"tags":[]},{"ancestorTitles":["advisory invalidation mapping"],"fullName":"advisory invalidation mapping staged drafts refresh the pending list and the write-presence cells","status":"passed","title":"staged drafts refresh the pending list and the write-presence cells","duration":0.09149999999999636,"failureMessages":[],"meta":{},"tags":[]},{"ancestorTitles":["fallback poll selector"],"fullName":"fallback poll selector polls exactly while the stream is not healthy","status":"passed","title":"polls exactly while the stream is not healthy","duration":0.21245799999996962,"failureMessages":[],"meta":{},"tags":[]}],"startTime":1788627771186,"endTime":1788627771192.2124,"status":"passed","message":"","name":"/Users/developwent/.codex/artifacts/hikyo-1.0-20260905/private-remediation/client/web/src/api/advisory.test.ts"},{"assertionResults":[{"ancestorTitles":["environmentsUnder"],"fullName":"environmentsUnder expands `all` to every environment and `none` to nothing","status":"passed","title":"expands `all` to every environment and `none` to nothing","duration":0.972500000000025,"failureMessages":[],"meta":{},"tags":[]},{"ancestorTitles":["environmentsUnder"],"fullName":"environmentsUnder intersects `explicit` with the environments that still exist","status":"passed","title":"intersects `explicit` with the environments that still exist","duration":0.11337499999996226,"failureMessages":[],"meta":{},"tags":[]},{"ancestorTitles":["presenceImpact"],"fullName":"presenceImpact names the environments a required rule newly covers","status":"passed","title":"names the environments a required rule newly covers","duration":0.23050000000000637,"failureMessages":[],"meta":{},"tags":[]},{"ancestorTitles":["presenceImpact"],"fullName":"presenceImpact reports both directions across required and forbidden","status":"passed","title":"reports both directions across required and forbidden","duration":0.14237500000001546,"failureMessages":[],"meta":{},"tags":[]},{"ancestorTitles":["presenceImpact"],"fullName":"presenceImpact is empty when nothing changes","status":"passed","title":"is empty when nothing changes","duration":0.06595900000002075,"failureMessages":[],"meta":{},"tags":[]},{"ancestorTitles":["scanFindings"],"fullName":"scanFindings returns the findings on a scanner refusal","status":"passed","title":"returns the findings on a scanner refusal","duration":0.11687500000005002,"failureMessages":[],"meta":{},"tags":[]},{"ancestorTitles":["scanFindings"],"fullName":"scanFindings is null for a plain refusal, an empty findings array, and a non-ApiError","status":"passed","title":"is null for a plain refusal, an empty findings array, and a non-ApiError","duration":0.08837500000004184,"failureMessages":[],"meta":{},"tags":[]},{"ancestorTitles":["catalogueRefusalText"],"fullName":"catalogueRefusalText quotes the server caller-safe detail verbatim","status":"passed","title":"quotes the server caller-safe detail verbatim","duration":0.08924999999999272,"failureMessages":[],"meta":{},"tags":[]},{"ancestorTitles":["catalogueRefusalText"],"fullName":"catalogueRefusalText names the action for permission, missing, and concurrency refusals","status":"passed","title":"names the action for permission, missing, and concurrency refusals","duration":0.131416999999999,"failureMessages":[],"meta":{},"tags":[]}],"startTime":1788627771443,"endTime":1788627771445.2305,"status":"passed","message":"","name":"/Users/developwent/.codex/artifacts/hikyo-1.0-20260905/private-remediation/client/web/src/api/catalogue.test.ts"},{"assertionResults":[{"ancestorTitles":["CLI reauthentication callback binding"],"fullName":"CLI reauthentication callback binding redirects only code and the exact same opaque state to the bound loopback URI","status":"passed","title":"redirects only code and the exact same opaque state to the bound loopback URI","duration":0.8618339999999876,"failureMessages":[],"meta":{},"tags":[]},{"ancestorTitles":["CLI reauthentication callback binding"],"fullName":"CLI reauthentication callback binding refuses state or redirect substitution","status":"passed","title":"refuses state or redirect substitution","duration":0.483333000000016,"failureMessages":[],"meta":{},"tags":[]}],"startTime":1788627771496,"endTime":1788627771497.4834,"status":"passed","message":"","name":"/Users/developwent/.codex/artifacts/hikyo-1.0-20260905/private-remediation/client/web/src/api/cliReauth.test.ts"},{"assertionResults":[{"ancestorTitles":["readCsrfToken"],"fullName":"readCsrfToken finds the token among other cookies","status":"passed","title":"finds the token among other cookies","duration":0.8681669999999713,"failureMessages":[],"meta":{},"tags":[]},{"ancestorTitles":["readCsrfToken"],"fullName":"readCsrfToken is not fooled by a cookie whose name merely starts the same","status":"passed","title":"is not fooled by a cookie whose name merely starts the same","duration":0.11083299999995688,"failureMessages":[],"meta":{},"tags":[]},{"ancestorTitles":["readCsrfToken"],"fullName":"readCsrfToken keeps a value containing an equals sign intact","status":"passed","title":"keeps a value containing an equals sign intact","duration":0.08650000000000091,"failureMessages":[],"meta":{},"tags":[]},{"ancestorTitles":["readCsrfToken"],"fullName":"readCsrfToken answers empty when there is no token, rather than undefined","status":"passed","title":"answers empty when there is no token, rather than undefined","duration":0.10162500000001273,"failureMessages":[],"meta":{},"tags":[]},{"ancestorTitles":["parsed"],"fullName":"parsed parses a 2xx body through the operation-bound schema","status":"passed","title":"parses a 2xx body through the operation-bound schema","duration":3.5423749999999927,"failureMessages":[],"meta":{},"tags":[]},{"ancestorTitles":["parsed"],"fullName":"parsed refuses a body-bearing success status other than the operation-bound one","status":"passed","title":"refuses a body-bearing success status other than the operation-bound one","duration":0.7520420000000172,"failureMessages":[],"meta":{},"tags":[]},{"ancestorTitles":["parsed"],"fullName":"parsed fails loudly when the SDK completes without an HTTP response","status":"passed","title":"fails loudly when the SDK completes without an HTTP response","duration":0.2873329999999896,"failureMessages":[],"meta":{},"tags":[]},{"ancestorTitles":["parsed"],"fullName":"parsed preserves only contract-validated safe refusal detail","status":"passed","title":"preserves only contract-validated safe refusal detail","duration":0.5926670000000058,"failureMessages":[],"meta":{},"tags":[]},{"ancestorTitles":["parsed"],"fullName":"parsed preserves a bounded numeric Retry-After for rate-limit recovery","status":"passed","title":"preserves a bounded numeric Retry-After for rate-limit recovery","duration":0.5767089999999939,"failureMessages":[],"meta":{},"tags":[]},{"ancestorTitles":["parsed"],"fullName":"parsed drops malformed error bodies instead of treating prose as safe detail","status":"passed","title":"drops malformed error bodies instead of treating prose as safe detail","duration":0.32450000000000045,"failureMessages":[],"meta":{},"tags":[]},{"ancestorTitles":["parsedPick"],"fullName":"parsedPick returns a bound narrow projection when unrelated response metadata drifts","status":"passed","title":"returns a bound narrow projection when unrelated response metadata drifts","duration":0.4494589999999903,"failureMessages":[],"meta":{},"tags":[]},{"ancestorTitles":["ok"],"fullName":"ok resolves on the operation-bound bodyless success status","status":"passed","title":"resolves on the operation-bound bodyless success status","duration":0.2669999999999959,"failureMessages":[],"meta":{},"tags":[]},{"ancestorTitles":["ok"],"fullName":"ok refuses a success status other than the bodyless one, rather than discard a body","status":"passed","title":"refuses a success status other than the bodyless one, rather than discard a body","duration":0.3167500000000132,"failureMessages":[],"meta":{},"tags":[]},{"ancestorTitles":["ok"],"fullName":"ok turns a non-2xx into an ApiError carrying contract-validated detail","status":"passed","title":"turns a non-2xx into an ApiError carrying contract-validated detail","duration":0.2959579999999846,"failureMessages":[],"meta":{},"tags":[]},{"ancestorTitles":["transportRefusalText"],"fullName":"transportRefusalText gives one canonical sentence for 429, whatever the operation","status":"passed","title":"gives one canonical sentence for 429, whatever the operation","duration":0.28908400000000256,"failureMessages":[],"meta":{},"tags":[]},{"ancestorTitles":["transportRefusalText"],"fullName":"transportRefusalText returns null for every domain status so the feature keeps its own voice","status":"passed","title":"returns null for every domain status so the feature keeps its own voice","duration":0.11645800000002282,"failureMessages":[],"meta":{},"tags":[]},{"ancestorTitles":["transportRefusalText"],"fullName":"transportRefusalText names the numeric status for an unknown server error","status":"passed","title":"names the numeric status for an unknown server error","duration":0.04679100000004155,"failureMessages":[],"meta":{},"tags":[]},{"ancestorTitles":["transportRefusalText"],"fullName":"transportRefusalText reads a 2xx body that breaks the contract as a bug, not a network problem","status":"passed","title":"reads a 2xx body that breaks the contract as a bug, not a network problem","duration":0.2622910000000047,"failureMessages":[],"meta":{},"tags":[]},{"ancestorTitles":["transportRefusalText"],"fullName":"transportRefusalText reads an unbound success status as a contract violation, not transport","status":"passed","title":"reads an unbound success status as a contract violation, not transport","duration":0.157416000000012,"failureMessages":[],"meta":{},"tags":[]},{"ancestorTitles":["transportRefusalText"],"fullName":"transportRefusalText tells offline apart from a reachable-but-broken server","status":"passed","title":"tells offline apart from a reachable-but-broken server","duration":0.16533299999997553,"failureMessages":[],"meta":{},"tags":[]},{"ancestorTitles":["transportRefusalText"],"fullName":"transportRefusalText treats a dismissed passkey prompt as its own case","status":"passed","title":"treats a dismissed passkey prompt as its own case","duration":0.06866700000000492,"failureMessages":[],"meta":{},"tags":[]}],"startTime":1788627770061,"endTime":1788627770071.2622,"status":"passed","message":"","name":"/Users/developwent/.codex/artifacts/hikyo-1.0-20260905/private-remediation/client/web/src/api/client.test.ts"},{"assertionResults":[{"ancestorTitles":["definitions bundle boundary"],"fullName":"definitions bundle boundary parses canonical JSON and retains a based revision as a JSON-safe integer","status":"passed","title":"parses canonical JSON and retains a based revision as a JSON-safe integer","duration":4.804540999999972,"failureMessages":[],"meta":{},"tags":[]},{"ancestorTitles":["definitions bundle boundary"],"fullName":"definitions bundle boundary preserves integer rules in direct and union declarations as JSON numbers","status":"passed","title":"preserves integer rules in direct and union declarations as JSON numbers","duration":2.1908750000000055,"failureMessages":[],"meta":{},"tags":[]},{"ancestorTitles":["definitions bundle boundary"],"fullName":"definitions bundle boundary refuses misspelled nested fields instead of silently changing the submitted definitions","status":"passed","title":"refuses misspelled nested fields instead of silently changing the submitted definitions","duration":0.8059999999999832,"failureMessages":[],"meta":{},"tags":[]},{"ancestorTitles":["definitions bundle boundary"],"fullName":"definitions bundle boundary refuses duplicate fields and unsafe integers rather than changing file meaning","status":"passed","title":"refuses duplicate fields and unsafe integers rather than changing file meaning","duration":0.5423749999999927,"failureMessages":[],"meta":{},"tags":[]},{"ancestorTitles":["definitions bundle boundary"],"fullName":"definitions bundle boundary rejects malformed, unsupported, extra-field and oversized files","status":"passed","title":"rejects malformed, unsupported, extra-field and oversized files","duration":0.8764580000000137,"failureMessages":[],"meta":{},"tags":[]},{"ancestorTitles":["definitions bundle boundary"],"fullName":"definitions bundle boundary rejects numeric coercion in revisions and direct or union bounds","status":"passed","title":"rejects numeric coercion in revisions and direct or union bounds","duration":3.8352499999999736,"failureMessages":[],"meta":{},"tags":[]},{"ancestorTitles":["definitions bundle boundary"],"fullName":"definitions bundle boundary never puts bundle content into the export URL","status":"passed","title":"never puts bundle content into the export URL","duration":0.08325000000002092,"failureMessages":[],"meta":{},"tags":[]},{"ancestorTitles":["definitions bundle boundary"],"fullName":"definitions bundle boundary rechecks Git governance immediately before apply and sends no write when it changed","status":"passed","title":"rechecks Git governance immediately before apply and sends no write when it changed","duration":1.511291999999969,"failureMessages":[],"meta":{},"tags":[]},{"ancestorTitles":["definitions bundle boundary"],"fullName":"definitions bundle boundary pins digest and explicit deletion consent in apply and excludes file data","status":"passed","title":"pins digest and explicit deletion consent in apply and excludes file data","duration":2.367750000000001,"failureMessages":[],"meta":{},"tags":[]},{"ancestorTitles":["definitions bundle boundary"],"fullName":"definitions bundle boundary shows refused and stale operations as actionable text","status":"passed","title":"shows refused and stale operations as actionable text","duration":0.2121670000000222,"failureMessages":[],"meta":{},"tags":[]},{"ancestorTitles":["definitions bundle boundary"],"fullName":"definitions bundle boundary sends a checked bundle only in the request body","status":"passed","title":"sends a checked bundle only in the request body","duration":0.9626670000000104,"failureMessages":[],"meta":{},"tags":[]}],"startTime":1788627770585,"endTime":1788627770602.9626,"status":"passed","message":"","name":"/Users/developwent/.codex/artifacts/hikyo-1.0-20260905/private-remediation/client/web/src/api/definitions-bundle.test.ts"},{"assertionResults":[{"ancestorTitles":["definitions settings"],"fullName":"definitions settings enables the project-scoped read only with both identifiers","status":"passed","title":"enables the project-scoped read only with both identifiers","duration":1.3067499999999654,"failureMessages":[],"meta":{},"tags":[]},{"ancestorTitles":["definitions settings"],"fullName":"definitions settings parses selector values through the generated request schema","status":"passed","title":"parses selector values through the generated request schema","duration":0.7499579999999924,"failureMessages":[],"meta":{},"tags":[]},{"ancestorTitles":["definitions settings"],"fullName":"definitions settings pins the persistent Git-mode explanation byte for byte","status":"passed","title":"pins the persistent Git-mode explanation byte for byte","duration":0.08045800000002146,"failureMessages":[],"meta":{},"tags":[]}],"startTime":1788627770975,"endTime":1788627770977.0806,"status":"passed","message":"","name":"/Users/developwent/.codex/artifacts/hikyo-1.0-20260905/private-remediation/client/web/src/api/definitions.test.ts"},{"assertionResults":[{"ancestorTitles":["createProviderRefusalText"],"fullName":"createProviderRefusalText reads a 400 as unreachable-or-refused and carries the safe detail","status":"passed","title":"reads a 400 as unreachable-or-refused and carries the safe detail","duration":1.1941250000000423,"failureMessages":[],"meta":{},"tags":[]},{"ancestorTitles":["createProviderRefusalText"],"fullName":"createProviderRefusalText names manage-identities on a 403","status":"passed","title":"names manage-identities on a 403","duration":0.11358400000000302,"failureMessages":[],"meta":{},"tags":[]},{"ancestorTitles":["setCredentialRefusalText"],"fullName":"setCredentialRefusalText says the stored credential is unchanged on a 400","status":"passed","title":"says the stored credential is unchanged on a 400","duration":0.10162499999995589,"failureMessages":[],"meta":{},"tags":[]},{"ancestorTitles":["revokeCredentialRefusalText"],"fullName":"revokeCredentialRefusalText names the manage-identities requirement on a 403","status":"passed","title":"names the manage-identities requirement on a 403","duration":0.08187500000002501,"failureMessages":[],"meta":{},"tags":[]},{"ancestorTitles":["deleteProviderRefusalText"],"fullName":"deleteProviderRefusalText reads a 409 as the live-leases cascade guard","status":"passed","title":"reads a 409 as the live-leases cascade guard","duration":0.0897499999999809,"failureMessages":[],"meta":{},"tags":[]},{"ancestorTitles":["leaseMintRefusalText"],"fullName":"leaseMintRefusalText explains both the human and machine gates on a 403","status":"passed","title":"explains both the human and machine gates on a 403","duration":0.09491699999995262,"failureMessages":[],"meta":{},"tags":[]},{"ancestorTitles":["leaseMintRefusalText"],"fullName":"leaseMintRefusalText reports a dismissed passkey without inventing a server cause","status":"passed","title":"reports a dismissed passkey without inventing a server cause","duration":0.05991599999998698,"failureMessages":[],"meta":{},"tags":[]},{"ancestorTitles":["leaseMintFailureText"],"fullName":"leaseMintFailureText stays plain for a pre-commit refusal (nothing was disclosed)","status":"passed","title":"stays plain for a pre-commit refusal (nothing was disclosed)","duration":0.10199999999997544,"failureMessages":[],"meta":{},"tags":[]},{"ancestorTitles":["leaseMintFailureText"],"fullName":"leaseMintFailureText adds the may-have-minted honesty for an ambiguous outcome","status":"passed","title":"adds the may-have-minted honesty for an ambiguous outcome","duration":0.08100000000001728,"failureMessages":[],"meta":{},"tags":[]},{"ancestorTitles":["leaseActionRefusalText"],"fullName":"leaseActionRefusalText tells a renew 409 the lease is not active","status":"passed","title":"tells a renew 409 the lease is not active","duration":0.10883400000000165,"failureMessages":[],"meta":{},"tags":[]},{"ancestorTitles":["leaseActionRefusalText"],"fullName":"leaseActionRefusalText tells a settle 409 there is nothing to reconcile","status":"passed","title":"tells a settle 409 there is nothing to reconcile","duration":0.05395800000002282,"failureMessages":[],"meta":{},"tags":[]},{"ancestorTitles":["leaseActionRefusalText"],"fullName":"leaseActionRefusalText names the read re-check on a renew 403","status":"passed","title":"names the read re-check on a renew 403","duration":0.048125000000027285,"failureMessages":[],"meta":{},"tags":[]},{"ancestorTitles":["leaseActionRefusalText"],"fullName":"leaseActionRefusalText conjugates the fallthrough verb correctly","status":"passed","title":"conjugates the fallthrough verb correctly","duration":0.05416600000000926,"failureMessages":[],"meta":{},"tags":[]}],"startTime":1788627771469,"endTime":1788627771472.0542,"status":"passed","message":"","name":"/Users/developwent/.codex/artifacts/hikyo-1.0-20260905/private-remediation/client/web/src/api/dynamic.test.ts"},{"assertionResults":[{"ancestorTitles":["isHttpsIssuer"],"fullName":"isHttpsIssuer accepts an https URL with a host and nothing else","status":"passed","title":"accepts an https URL with a host and nothing else","duration":0.8165000000000191,"failureMessages":[],"meta":{},"tags":[]},{"ancestorTitles":["isHttpsIssuer"],"fullName":"isHttpsIssuer refuses http, so federation trust never rests on the network path","status":"passed","title":"refuses http, so federation trust never rests on the network path","duration":0.08529199999998127,"failureMessages":[],"meta":{},"tags":[]},{"ancestorTitles":["isHttpsIssuer"],"fullName":"isHttpsIssuer refuses userinfo, query and fragment — each would be disclosed byte-exact","status":"passed","title":"refuses userinfo, query and fragment — each would be disclosed byte-exact","duration":0.11383299999999963,"failureMessages":[],"meta":{},"tags":[]},{"ancestorTitles":["isHttpsIssuer"],"fullName":"isHttpsIssuer refuses a non-URL and an empty host","status":"passed","title":"refuses a non-URL and an empty host","duration":0.09799999999995634,"failureMessages":[],"meta":{},"tags":[]},{"ancestorTitles":["issuerFieldRefusal"],"fullName":"issuerFieldRefusal passes a well-formed create","status":"passed","title":"passes a well-formed create","duration":0.15020800000002055,"failureMessages":[],"meta":{},"tags":[]},{"ancestorTitles":["issuerFieldRefusal"],"fullName":"issuerFieldRefusal passes an update, which supplies no issuer to validate","status":"passed","title":"passes an update, which supplies no issuer to validate","duration":0.09295800000001009,"failureMessages":[],"meta":{},"tags":[]},{"ancestorTitles":["issuerFieldRefusal"],"fullName":"issuerFieldRefusal refuses a non-https issuer only when the issuer is supplied","status":"passed","title":"refuses a non-https issuer only when the issuer is supplied","duration":0.08816699999999855,"failureMessages":[],"meta":{},"tags":[]},{"ancestorTitles":["issuerFieldRefusal"],"fullName":"issuerFieldRefusal refuses an empty refused-audience list","status":"passed","title":"refuses an empty refused-audience list","duration":0.06262500000002547,"failureMessages":[],"meta":{},"tags":[]},{"ancestorTitles":["issuerFieldRefusal"],"fullName":"issuerFieldRefusal refuses an audience carrying a line break — newline is the separator","status":"passed","title":"refuses an audience carrying a line break — newline is the separator","duration":0.0625419999999508,"failureMessages":[],"meta":{},"tags":[]},{"ancestorTitles":["issuerFieldRefusal"],"fullName":"issuerFieldRefusal requires the JWKS document under static mode, and only then","status":"passed","title":"requires the JWKS document under static mode, and only then","duration":0.09399999999999409,"failureMessages":[],"meta":{},"tags":[]},{"ancestorTitles":["issuer refusal mappers"],"fullName":"issuer refusal mappers names a create 409 as a duplicate byte-exact issuer","status":"passed","title":"names a create 409 as a duplicate byte-exact issuer","duration":0.09583300000002737,"failureMessages":[],"meta":{},"tags":[]},{"ancestorTitles":["issuer refusal mappers"],"fullName":"issuer refusal mappers names a create 403 as the instance-config second factor, never a disclosure","status":"passed","title":"names a create 403 as the instance-config second factor, never a disclosure","duration":0.08695799999998144,"failureMessages":[],"meta":{},"tags":[]},{"ancestorTitles":["issuer refusal mappers"],"fullName":"issuer refusal mappers reads a 404 as the ambiguous absent-or-masked shape, not a bare deletion","status":"passed","title":"reads a 404 as the ambiguous absent-or-masked shape, not a bare deletion","duration":0.0887920000000122,"failureMessages":[],"meta":{},"tags":[]},{"ancestorTitles":["issuer refusal mappers"],"fullName":"issuer refusal mappers names a delete 409 as the still-naming bindings, live or revoked","status":"passed","title":"names a delete 409 as the still-naming bindings, live or revoked","duration":0.04170800000002828,"failureMessages":[],"meta":{},"tags":[]}],"startTime":1788627771364,"endTime":1788627771366.1501,"status":"passed","message":"","name":"/Users/developwent/.codex/artifacts/hikyo-1.0-20260905/private-remediation/client/web/src/api/federationIssuers.test.ts"},{"assertionResults":[{"ancestorTitles":["useReleaseRevisionPin"],"fullName":"useReleaseRevisionPin returns the parsed server consequence and refreshes both pins and history","status":"passed","title":"returns the parsed server consequence and refreshes both pins and history","duration":19.531124999999975,"failureMessages":[],"meta":{},"tags":[]}],"startTime":1788627769520,"endTime":1788627769539.531,"status":"passed","message":"","name":"/Users/developwent/.codex/artifacts/hikyo-1.0-20260905/private-remediation/client/web/src/api/history-release.test.tsx"},{"assertionResults":[{"ancestorTitles":["useRestoreRevision"],"fullName":"useRestoreRevision refreshes every matrix and history cache changed by a restore","status":"passed","title":"refreshes every matrix and history cache changed by a restore","duration":40.508375,"failureMessages":[],"meta":{},"tags":[]}],"startTime":1788627770348,"endTime":1788627770388.5083,"status":"passed","message":"","name":"/Users/developwent/.codex/artifacts/hikyo-1.0-20260905/private-remediation/client/web/src/api/history-restore.test.tsx"},{"assertionResults":[{"ancestorTitles":["history revision boundary"],"fullName":"history revision boundary accepts a live revision that names no collection policy","status":"passed","title":"accepts a live revision that names no collection policy","duration":2.430417000000034,"failureMessages":[],"meta":{},"tags":[]},{"ancestorTitles":["history revision boundary"],"fullName":"history revision boundary accepts a collected revision that names the policy that collected it","status":"passed","title":"accepts a collected revision that names the policy that collected it","duration":0.2877080000000092,"failureMessages":[],"meta":{},"tags":[]},{"ancestorTitles":["history revision boundary"],"fullName":"history revision boundary refuses a collected revision with no policy — the refusal has to name one","status":"passed","title":"refuses a collected revision with no policy — the refusal has to name one","duration":0.6754999999999995,"failureMessages":[],"meta":{},"tags":[]},{"ancestorTitles":["history revision boundary"],"fullName":"history revision boundary refuses a live revision carrying a collection policy","status":"passed","title":"refuses a live revision carrying a collection policy","duration":0.1908329999999978,"failureMessages":[],"meta":{},"tags":[]},{"ancestorTitles":["restore result boundary"],"fullName":"restore result boundary keeps config plaintext, which is what the impact preview is for","status":"passed","title":"keeps config plaintext, which is what the impact preview is for","duration":0.6029169999999908,"failureMessages":[],"meta":{},"tags":[]},{"ancestorTitles":["restore result boundary"],"fullName":"restore result boundary refuses a secret row carrying material on either side","status":"passed","title":"refuses a secret row carrying material on either side","duration":0.1822090000000003,"failureMessages":[],"meta":{},"tags":[]},{"ancestorTitles":["restore result boundary"],"fullName":"restore result boundary refuses a clear that claims an after value","status":"passed","title":"refuses a clear that claims an after value","duration":0.14929200000000264,"failureMessages":[],"meta":{},"tags":[]},{"ancestorTitles":["historyHref"],"fullName":"historyHref encodes path and query parameters while keeping key as the immutable id","status":"passed","title":"encodes path and query parameters while keeping key as the immutable id","duration":0.10266599999999926,"failureMessages":[],"meta":{},"tags":[]},{"ancestorTitles":["revisionNumber"],"fullName":"revisionNumber narrows a parsed revision to the request shape","status":"passed","title":"narrows a parsed revision to the request shape","duration":0.0827499999999759,"failureMessages":[],"meta":{},"tags":[]},{"ancestorTitles":["revisionNumber"],"fullName":"revisionNumber fails loud rather than rounding a revision it cannot address exactly","status":"passed","title":"fails loud rather than rounding a revision it cannot address exactly","duration":0.15745800000001964,"failureMessages":[],"meta":{},"tags":[]}],"startTime":1788627770757,"endTime":1788627770761.1821,"status":"passed","message":"","name":"/Users/developwent/.codex/artifacts/hikyo-1.0-20260905/private-remediation/client/web/src/api/history.test.ts"},{"assertionResults":[{"ancestorTitles":["scopeOf"],"fullName":"scopeOf reads one environment-scoped grant as reach on that environment only","status":"passed","title":"reads one environment-scoped grant as reach on that environment only","duration":1.4441249999999854,"failureMessages":[],"meta":{},"tags":[]},{"ancestorTitles":["scopeOf"],"fullName":"scopeOf lets a project-scoped grant reach every environment beneath it","status":"passed","title":"lets a project-scoped grant reach every environment beneath it","duration":0.13949999999999818,"failureMessages":[],"meta":{},"tags":[]},{"ancestorTitles":["scopeOf"],"fullName":"scopeOf never reads another principal's grant as this one's","status":"passed","title":"never reads another principal's grant as this one's","duration":0.08754199999998491,"failureMessages":[],"meta":{},"tags":[]},{"ancestorTitles":["postStateReach"],"fullName":"postStateReach is empty without reveal, however read is granted","status":"passed","title":"is empty without reveal, however read is granted","duration":0.09766700000000128,"failureMessages":[],"meta":{},"tags":[]},{"ancestorTitles":["postStateReach"],"fullName":"postStateReach is empty with reveal but no read: no delivery means no plaintext","status":"passed","title":"is empty with reveal but no read: no delivery means no plaintext","duration":0.07937499999997044,"failureMessages":[],"meta":{},"tags":[]},{"ancestorTitles":["postStateReach"],"fullName":"postStateReach names the environment when both are held","status":"passed","title":"names the environment when both are held","duration":0.08604199999996354,"failureMessages":[],"meta":{},"tags":[]},{"ancestorTitles":["grantWideningReach"],"fullName":"grantWideningReach is empty for a read grant on an account that cannot decrypt","status":"passed","title":"is empty for a read grant on an account that cannot decrypt","duration":0.09583400000002484,"failureMessages":[],"meta":{},"tags":[]},{"ancestorTitles":["grantWideningReach"],"fullName":"grantWideningReach names the environment when the read grant completes an existing reveal","status":"passed","title":"names the environment when the read grant completes an existing reveal","duration":0.08504199999998718,"failureMessages":[],"meta":{},"tags":[]},{"ancestorTitles":["grantWideningReach"],"fullName":"grantWideningReach is empty when the environment was already reachable","status":"passed","title":"is empty when the environment was already reachable","duration":0.09241600000001426,"failureMessages":[],"meta":{},"tags":[]},{"ancestorTitles":["grantWideningReach"],"fullName":"grantWideningReach never widens an environment the grant does not name","status":"passed","title":"never widens an environment the grant does not name","duration":0.09933300000000145,"failureMessages":[],"meta":{},"tags":[]},{"ancestorTitles":["parseClaimNumber"],"fullName":"parseClaimNumber takes a plain integer","status":"passed","title":"takes a plain integer","duration":0.21295800000001464,"failureMessages":[],"meta":{},"tags":[]},{"ancestorTitles":["parseClaimNumber"],"fullName":"parseClaimNumber refuses an empty field rather than binding repository 0","status":"passed","title":"refuses an empty field rather than binding repository 0","duration":0.10154200000005176,"failureMessages":[],"meta":{},"tags":[]},{"ancestorTitles":["parseClaimNumber"],"fullName":"parseClaimNumber refuses anything that is not digits","status":"passed","title":"refuses anything that is not digits","duration":0.08537499999999909,"failureMessages":[],"meta":{},"tags":[]},{"ancestorTitles":["parseClaimNumber"],"fullName":"parseClaimNumber refuses a value past the range JSON carries exactly","status":"passed","title":"refuses a value past the range JSON carries exactly","duration":0.05833300000000463,"failureMessages":[],"meta":{},"tags":[]},{"ancestorTitles":["setupJourney"],"fullName":"setupJourney has no journey for an automation principal","status":"passed","title":"has no journey for an automation principal","duration":0.10241700000000264,"failureMessages":[],"meta":{},"tags":[]},{"ancestorTitles":["setupJourney"],"fullName":"setupJourney waits on the read grant before anything else","status":"passed","title":"waits on the read grant before anything else","duration":0.08270799999996825,"failureMessages":[],"meta":{},"tags":[]},{"ancestorTitles":["setupJourney"],"fullName":"setupJourney states delivery permission without claiming a successful fetch and gates reveal on opt-in","status":"passed","title":"states delivery permission without claiming a successful fetch and gates reveal on opt-in","duration":0.17016699999999219,"failureMessages":[],"meta":{},"tags":[]},{"ancestorTitles":["setupJourney"],"fullName":"setupJourney offers the reveal grant once the project has opted in, and closes it once held","status":"passed","title":"offers the reveal grant once the project has opted in, and closes it once held","duration":0.12650000000002137,"failureMessages":[],"meta":{},"tags":[]},{"ancestorTitles":["expiryLabel"],"fullName":"expiryLabel counts the days left","status":"passed","title":"counts the days left","duration":0.09233400000005076,"failureMessages":[],"meta":{},"tags":[]},{"ancestorTitles":["expiryLabel"],"fullName":"expiryLabel says expired rather than a negative count","status":"passed","title":"says expired rather than a negative count","duration":0.04312499999997499,"failureMessages":[],"meta":{},"tags":[]},{"ancestorTitles":["expiryLabel"],"fullName":"expiryLabel says revoked first, whatever the expiry says","status":"passed","title":"says revoked first, whatever the expiry says","duration":0.04200000000003001,"failureMessages":[],"meta":{},"tags":[]},{"ancestorTitles":["expiryLabel"],"fullName":"expiryLabel states an indefinite lifetime as a fact, not as a large number","status":"passed","title":"states an indefinite lifetime as a fact, not as a large number","duration":0.037750000000016826,"failureMessages":[],"meta":{},"tags":[]},{"ancestorTitles":["lastUsedLabel"],"fullName":"lastUsedLabel keeps never-used and used-at-the-epoch different facts","status":"passed","title":"keeps never-used and used-at-the-epoch different facts","duration":0.07141699999999673,"failureMessages":[],"meta":{},"tags":[]},{"ancestorTitles":["pullRequestRefusal"],"fullName":"pullRequestRefusal refuses both pull-request events by name","status":"passed","title":"refuses both pull-request events by name","duration":0.06200000000001182,"failureMessages":[],"meta":{},"tags":[]},{"ancestorTitles":["pullRequestRefusal"],"fullName":"pullRequestRefusal passes the ordinary events","status":"passed","title":"passes the ordinary events","duration":0.04795799999999417,"failureMessages":[],"meta":{},"tags":[]},{"ancestorTitles":["pullRequestRefusal"],"fullName":"pullRequestRefusal is not fooled by an event that merely contains the word","status":"passed","title":"is not fooled by an event that merely contains the word","duration":0.03491700000000719,"failureMessages":[],"meta":{},"tags":[]},{"ancestorTitles":["serviceAccountNameRefusal"],"fullName":"serviceAccountNameRefusal refuses an empty name, and only an empty one","status":"passed","title":"refuses an empty name, and only an empty one","duration":0.0898339999999962,"failureMessages":[],"meta":{},"tags":[]},{"ancestorTitles":["serviceAccountNameRefusal"],"fullName":"serviceAccountNameRefusal refuses a name past the 64-BYTE ceiling, counting bytes not code units","status":"passed","title":"refuses a name past the 64-BYTE ceiling, counting bytes not code units","duration":0.09170899999998028,"failureMessages":[],"meta":{},"tags":[]},{"ancestorTitles":["serviceAccountNameRefusal"],"fullName":"serviceAccountNameRefusal accepts an ordinary name","status":"passed","title":"accepts an ordinary name","duration":0.03620899999998528,"failureMessages":[],"meta":{},"tags":[]},{"ancestorTitles":["createServiceAccountRefusalText"],"fullName":"createServiceAccountRefusalText names the duplicate-name / limit conflict on 409, not the credential ceiling","status":"passed","title":"names the duplicate-name / limit conflict on 409, not the credential ceiling","duration":0.11341600000002927,"failureMessages":[],"meta":{},"tags":[]},{"ancestorTitles":["createServiceAccountRefusalText"],"fullName":"createServiceAccountRefusalText names the name constraint on 400","status":"passed","title":"names the name constraint on 400","duration":0.04254099999997152,"failureMessages":[],"meta":{},"tags":[]},{"ancestorTitles":["createServiceAccountRefusalText"],"fullName":"createServiceAccountRefusalText never demands disclosure or reauth on 403 — create needs neither","status":"passed","title":"never demands disclosure or reauth on 403 — create needs neither","duration":0.06733299999996234,"failureMessages":[],"meta":{},"tags":[]},{"ancestorTitles":["createServiceAccountRefusalText"],"fullName":"createServiceAccountRefusalText names the PROJECT, not a service account, on 404","status":"passed","title":"names the PROJECT, not a service account, on 404","duration":0.04370800000003783,"failureMessages":[],"meta":{},"tags":[]},{"ancestorTitles":["deleteServiceAccountRefusalText"],"fullName":"deleteServiceAccountRefusalText reads 404 as an already-gone account (the concurrent-deletion case)","status":"passed","title":"reads 404 as an already-gone account (the concurrent-deletion case)","duration":0.05783299999995961,"failureMessages":[],"meta":{},"tags":[]},{"ancestorTitles":["deleteServiceAccountRefusalText"],"fullName":"deleteServiceAccountRefusalText never demands disclosure or reauth — delete is plain-capability","status":"passed","title":"never demands disclosure or reauth — delete is plain-capability","duration":0.05587500000001455,"failureMessages":[],"meta":{},"tags":[]},{"ancestorTitles":["createServiceAccountFailureText"],"fullName":"createServiceAccountFailureText stays plain on a pre-commit refusal","status":"passed","title":"stays plain on a pre-commit refusal","duration":0.06541599999997061,"failureMessages":[],"meta":{},"tags":[]},{"ancestorTitles":["createServiceAccountFailureText"],"fullName":"createServiceAccountFailureText warns of a possible commit on an ambiguous failure","status":"passed","title":"warns of a possible commit on an ambiguous failure","duration":0.057375000000035925,"failureMessages":[],"meta":{},"tags":[]},{"ancestorTitles":["deleteServiceAccountFailureText"],"fullName":"deleteServiceAccountFailureText stays plain when the account was already gone","status":"passed","title":"stays plain when the account was already gone","duration":0.05766699999998082,"failureMessages":[],"meta":{},"tags":[]},{"ancestorTitles":["deleteServiceAccountFailureText"],"fullName":"deleteServiceAccountFailureText warns of a possible commit on an ambiguous failure","status":"passed","title":"warns of a possible commit on an ambiguous failure","duration":0.04250000000001819,"failureMessages":[],"meta":{},"tags":[]}],"startTime":1788627771039,"endTime":1788627771044.1135,"status":"passed","message":"","name":"/Users/developwent/.codex/artifacts/hikyo-1.0-20260905/private-remediation/client/web/src/api/identities.test.ts"},{"assertionResults":[{"ancestorTitles":["matrix-wide query keys"],"fullName":"matrix-wide query keys matches the full query key prefix","status":"passed","title":"matches the full query key prefix","duration":2.007499999999993,"failureMessages":[],"meta":{},"tags":[]},{"ancestorTitles":["matrix-wide query keys"],"fullName":"matrix-wide query keys matches the full query key prefix","status":"passed","title":"matches the full query key prefix","duration":0.1479580000000169,"failureMessages":[],"meta":{},"tags":[]},{"ancestorTitles":["matrix-wide query keys"],"fullName":"matrix-wide query keys matches the full query key prefix","status":"passed","title":"matches the full query key prefix","duration":0.07770800000000122,"failureMessages":[],"meta":{},"tags":[]}],"startTime":1788627771168,"endTime":1788627771170.148,"status":"passed","message":"","name":"/Users/developwent/.codex/artifacts/hikyo-1.0-20260905/private-remediation/client/web/src/api/keys.test.ts"},{"assertionResults":[{"ancestorTitles":["useMatrixProject query ownership"],"fullName":"useMatrixProject query ownership renders keyed reorder/removal with one observer per unchanged query","status":"passed","title":"renders keyed reorder/removal with one observer per unchanged query","duration":105.42945799999984,"failureMessages":[],"meta":{},"tags":[]},{"ancestorTitles":["useDeleteKey invalidation"],"fullName":"useDeleteKey invalidation refreshes the list without re-fetching the deleted single key","status":"passed","title":"refreshes the list without re-fetching the deleted single key","duration":77.87420799999995,"failureMessages":[],"meta":{},"tags":[]}],"startTime":1788627767539,"endTime":1788627767722.8743,"status":"passed","message":"","name":"/Users/developwent/.codex/artifacts/hikyo-1.0-20260905/private-remediation/client/web/src/api/matrix-hook.test.tsx"},{"assertionResults":[{"ancestorTitles":["restore preview lifecycle"],"fullName":"restore preview lifecycle matches exact sorted version sets without overwriting another restore","status":"passed","title":"matches exact sorted version sets without overwriting another restore","duration":13.602292000000034,"failureMessages":[],"meta":{},"tags":[]},{"ancestorTitles":["restore preview lifecycle"],"fullName":"restore preview lifecycle returns overlapping version ids for a partial selection and null for no overlap","status":"passed","title":"returns overlapping version ids for a partial selection and null for no overlap","duration":0.22475000000002865,"failureMessages":[],"meta":{},"tags":[]},{"ancestorTitles":["restore preview lifecycle"],"fullName":"restore preview lifecycle keeps the client-side exact-selection refusal actionable","status":"passed","title":"keeps the client-side exact-selection refusal actionable","duration":0.11370799999997416,"failureMessages":[],"meta":{},"tags":[]},{"ancestorTitles":["restore preview lifecycle"],"fullName":"restore preview lifecycle forgets a preview after its versions publish","status":"passed","title":"forgets a preview after its versions publish","duration":0.09283400000003894,"failureMessages":[],"meta":{},"tags":[]},{"ancestorTitles":["restore preview lifecycle"],"fullName":"restore preview lifecycle names a detail-less 409 as stale only when a preview token was attached","status":"passed","title":"names a detail-less 409 as stale only when a preview token was attached","duration":0.23724999999996044,"failureMessages":[],"meta":{},"tags":[]},{"ancestorTitles":["matrix signal boundary"],"fullName":"matrix signal boundary refuses a pending version without its operation","status":"passed","title":"refuses a pending version without its operation","duration":1.59616699999998,"failureMessages":[],"meta":{},"tags":[]},{"ancestorTitles":["matrix signal boundary"],"fullName":"matrix signal boundary accepts complete pending and absent-pending cells","status":"passed","title":"accepts complete pending and absent-pending cells","duration":0.2782079999999496,"failureMessages":[],"meta":{},"tags":[]},{"ancestorTitles":["matrix cache coherence"],"fullName":"matrix cache coherence establishes initial ordering, then refreshes only when the signal advances","status":"passed","title":"establishes initial ordering, then refreshes only when the signal advances","duration":0.1302919999999972,"failureMessages":[],"meta":{},"tags":[]},{"ancestorTitles":["environment-keyed matrix rows"],"fullName":"environment-keyed matrix rows keeps query state attached by environment id while display order changes","status":"passed","title":"keeps query state attached by environment id while display order changes","duration":0.23175000000003365,"failureMessages":[],"meta":{},"tags":[]},{"ancestorTitles":["environment-keyed matrix rows"],"fullName":"environment-keyed matrix rows removes 
[...]
ed","title":"strips the export keyword but not exportKEY","duration":0.8206250000000068,"failureMessages":[],"meta":{},"tags":[]},{"ancestorTitles":["parseDotenv"],"fullName":"parseDotenv trims trailing \\r for CRLF files","status":"passed","title":"trims trailing \\r for CRLF files","duration":0.2993749999999977,"failureMessages":[],"meta":{},"tags":[]},{"ancestorTitles":["parseDotenv"],"fullName":"parseDotenv decodes double-quoted escapes and keeps inner whitespace","status":"passed","title":"decodes double-quoted escapes and keeps inner whitespace","duration":0.2470000000000141,"failureMessages":[],"meta":{},"tags":[]},{"ancestorTitles":["parseDotenv"],"fullName":"parseDotenv treats single quotes as literal","status":"passed","title":"treats single quotes as literal","duration":0.08500000000000796,"failureMessages":[],"meta":{},"tags":[]},{"ancestorTitles":["parseDotenv"],"fullName":"parseDotenv refuses malformed lines by line, collecting all","status":"passed","title":"refuses malformed lines by line, collecting all","duration":0.17224999999999113,"failureMessages":[],"meta":{},"tags":[]},{"ancestorTitles":["parseDotenv"],"fullName":"parseDotenv refuses an unknown escape and content after the closing quote","status":"passed","title":"refuses an unknown escape and content after the closing quote","duration":0.0812090000000012,"failureMessages":[],"meta":{},"tags":[]},{"ancestorTitles":["parseDotenv"],"fullName":"parseDotenv refuses a duplicate key by name, keeping the first","status":"passed","title":"refuses a duplicate key by name, keeping the first","duration":0.435040999999984,"failureMessages":[],"meta":{},"tags":[]},{"ancestorTitles":["normalizeValue / needsTrim"],"fullName":"normalizeValue / needsTrim flags surrounding whitespace","status":"passed","title":"flags surrounding whitespace","duration":0.14683399999998414,"failureMessages":[],"meta":{},"tags":[]},{"ancestorTitles":["suggestType"],"fullName":"suggestType is string for an empty set","status":"passed","title":"is string for an empty set","duration":0.069500000000005,"failureMessages":[],"meta":{},"tags":[]},{"ancestorTitles":["suggestType"],"fullName":"suggestType suggests boolean only for canonical true/false","status":"passed","title":"suggests boolean only for canonical true/false","duration":0.1628340000000037,"failureMessages":[],"meta":{},"tags":[]},{"ancestorTitles":["suggestType"],"fullName":"suggestType suggests integer within int64 and rejects wider magnitudes","status":"passed","title":"suggests integer within int64 and rejects wider magnitudes","duration":0.08100000000001728,"failureMessages":[],"meta":{},"tags":[]},{"ancestorTitles":["suggestType"],"fullName":"suggestType suggests json only for objects/arrays, not scalars","status":"passed","title":"suggests json only for objects/arrays, not scalars","duration":0.08641699999998309,"failureMessages":[],"meta":{},"tags":[]},{"ancestorTitles":["suggestType"],"fullName":"suggestType suggests a type only when every value satisfies it","status":"passed","title":"suggests a type only when every value satisfies it","duration":0.04362500000002001,"failureMessages":[],"meta":{},"tags":[]},{"ancestorTitles":["planEnvironment"],"fullName":"planEnvironment buckets new, absent, skipped, and overwritten keys","status":"passed","title":"buckets new, absent, skipped, and overwritten keys","duration":0.1423340000000053,"failureMessages":[],"meta":{},"tags":[]},{"ancestorTitles":["planEnvironment"],"fullName":"planEnvironment skips every set key when no overwrite is chosen","status":"passed","title":"skips every set key when no overwrite is chosen","duration":0.0564160000000129,"failureMessages":[],"meta":{},"tags":[]}],"startTime":1788627771062,"endTime":1788627771068.1628,"status":"passed","message":"","name":"/Users/developwent/.codex/artifacts/hikyo-1.0-20260905/private-remediation/client/web/src/routes/import-state.test.ts"},{"assertionResults":[{"ancestorTitles":["requiredInEnvironment"],"fullName":"requiredInEnvironment keeps symbolic all and explicit environment membership distinct","status":"passed","title":"keeps symbolic all and explicit environment membership distinct","duration":0.852249999999998,"failureMessages":[],"meta":{},"tags":[]},{"ancestorTitles":["computeMatrixProblems"],"fullName":"computeMatrixProblems reports required absent cells and server validation errors without inventing drift","status":"passed","title":"reports required absent cells and server validation errors without inventing drift","duration":0.6572500000000048,"failureMessages":[],"meta":{},"tags":[]},{"ancestorTitles":["computeMatrixProblems"],"fullName":"computeMatrixProblems counts problem cells per group and filters keys while retaining declaration order","status":"passed","title":"counts problem cells per group and filters keys while retaining declaration order","duration":0.2866249999999866,"failureMessages":[],"meta":{},"tags":[]},{"ancestorTitles":["toggleVisibleEnvironment"],"fullName":"toggleVisibleEnvironment never hides the final visible environment","status":"passed","title":"never hides the final visible environment","duration":0.10216700000000856,"failureMessages":[],"meta":{},"tags":[]},{"ancestorTitles":["toggleVisibleEnvironment"],"fullName":"toggleVisibleEnvironment can hide and restore an environment in project order","status":"passed","title":"can hide and restore an environment in project order","duration":0.09554200000002311,"failureMessages":[],"meta":{},"tags":[]},{"ancestorTitles":["publish and copy guards"],"fullName":"publish and copy guards blocks only unsafe environments while clean environments remain selectable","status":"passed","title":"blocks only unsafe environments while clean environments remain selectable","duration":0.13504199999999855,"failureMessages":[],"meta":{},"tags":[]},{"ancestorTitles":["publish and copy guards"],"fullName":"publish and copy guards requires an explicit confirmation only when a protected destination is selected","status":"passed","title":"requires an explicit confirmation only when a protected destination is selected","duration":0.08991699999998559,"failureMessages":[],"meta":{},"tags":[]},{"ancestorTitles":["row editor state"],"fullName":"row editor state reopens config from its exact staged preview and keeps secrets write-only","status":"passed","title":"reopens config from its exact staged preview and keeps secrets write-only","duration":0.11275000000000546,"failureMessages":[],"meta":{},"tags":[]},{"ancestorTitles":["row editor state"],"fullName":"row editor state allows a pending set over an absent cell to return to absent","status":"passed","title":"allows a pending set over an absent cell to return to absent","duration":0.11591599999999858,"failureMessages":[],"meta":{},"tags":[]},{"ancestorTitles":["row editor state"],"fullName":"row editor state normalizes Unicode edge whitespace before staging and previewing","status":"passed","title":"normalizes Unicode edge whitespace before staging and previewing","duration":0.5212500000000091,"failureMessages":[],"meta":{},"tags":[]},{"ancestorTitles":["row editor state"],"fullName":"row editor state keeps untouched, explicit empty, and unset editor states distinct","status":"passed","title":"keeps untouched, explicit empty, and unset editor states distinct","duration":0.42504100000002154,"failureMessages":[],"meta":{},"tags":[]},{"ancestorTitles":["row editor state"],"fullName":"row editor state validates common declared types while typing","status":"passed","title":"validates common declared types while typing","duration":1.176165999999995,"failureMessages":[],"meta":{},"tags":[]}],"startTime":1788627770849,"endTime":1788627770854.1763,"status":"passed","message":"","name":"/Users/developwent/.codex/artifacts/hikyo-1.0-20260905/private-remediation/client/web/src/routes/matrix-state.test.ts"},{"assertionResults":[{"ancestorTitles":["MintLifecycle"],"fullName":"MintLifecycle makes plaintext reachable only from disclosed","status":"passed","title":"makes plaintext reachable only from disclosed","duration":1.1320409999999868,"failureMessages":[],"meta":{},"tags":[]},{"ancestorTitles":["MintLifecycle"],"fullName":"MintLifecycle close clears disclosed plaintext without retaining transition history","status":"passed","title":"close clears disclosed plaintext without retaining transition history","duration":0.14245800000000486,"failureMessages":[],"meta":{},"tags":[]},{"ancestorTitles":["MintLifecycle"],"fullName":"MintLifecycle navigation clears disclosed plaintext without retaining transition history","status":"passed","title":"navigation clears disclosed plaintext without retaining transition history","duration":0.09091700000001879,"failureMessages":[],"meta":{},"tags":[]},{"ancestorTitles":["MintLifecycle"],"fullName":"MintLifecycle session-transition clears disclosed plaintext without retaining transition history","status":"passed","title":"session-transition clears disclosed plaintext without retaining transition history","duration":0.07325000000000159,"failureMessages":[],"meta":{},"tags":[]},{"ancestorTitles":["MintLifecycle"],"fullName":"MintLifecycle a new mint replaces disclosed state with non-secret review fields","status":"passed","title":"a new mint replaces disclosed state with non-secret review fields","duration":0.10962499999999409,"failureMessages":[],"meta":{},"tags":[]},{"ancestorTitles":["MintLifecycle"],"fullName":"MintLifecycle masks disclosed plaintext synchronously when the 'session' changes","status":"passed","title":"masks disclosed plaintext synchronously when the 'session' changes","duration":0.09883300000001327,"failureMessages":[],"meta":{},"tags":[]},{"ancestorTitles":["MintLifecycle"],"fullName":"MintLifecycle masks disclosed plaintext synchronously when the 'organisation route' changes","status":"passed","title":"masks disclosed plaintext synchronously when the 'organisation route' changes","duration":0.06820799999999849,"failureMessages":[],"meta":{},"tags":[]},{"ancestorTitles":["MintLifecycle"],"fullName":"MintLifecycle masks disclosed plaintext synchronously when the 'project route' changes","status":"passed","title":"masks disclosed plaintext synchronously when the 'project route' changes","duration":0.07954100000000608,"failureMessages":[],"meta":{},"tags":[]},{"ancestorTitles":["MintLifecycle"],"fullName":"MintLifecycle ignores double submit and a late response from an obsolete request","status":"passed","title":"ignores double submit and a late response from an obsolete request","duration":0.15329200000002174,"failureMessages":[],"meta":{},"tags":[]},{"ancestorTitles":["MintLifecycle"],"fullName":"MintLifecycle failure and retry preserve only the intended non-secret request","status":"passed","title":"failure and retry preserve only the intended non-secret request","duration":0.1257500000000107,"failureMessages":[],"meta":{},"tags":[]},{"ancestorTitles":["MintLifecycle"],"fullName":"MintLifecycle dismissal holds an unstored disclosure, then clears it after confirmation","status":"passed","title":"dismissal holds an unstored disclosure, then clears it after confirmation","duration":0.12883400000001188,"failureMessages":[],"meta":{},"tags":[]}],"startTime":1788627770677,"endTime":1788627770679.1533,"status":"passed","message":"","name":"/Users/developwent/.codex/artifacts/hikyo-1.0-20260905/private-remediation/client/web/src/routes/mintLifecycle.test.ts"},{"assertionResults":[{"ancestorTitles":["sidebarModel"],"fullName":"sidebarModel shows only the organisation block on an org-scoped route","status":"passed","title":"shows only the organisation block on an org-scoped route","duration":1.8067920000000015,"failureMessages":[],"meta":{},"tags":[]},{"ancestorTitles":["sidebarModel"],"fullName":"sidebarModel stacks the project block above the organisation block on a project route","status":"passed","title":"stacks the project block above the organisation block on a project route","duration":0.36804200000000264,"failureMessages":[],"meta":{},"tags":[]},{"ancestorTitles":["sidebarModel"],"fullName":"sidebarModel disables the local-only project destinations for a remote workspace","status":"passed","title":"disables the local-only project destinations for a remote workspace","duration":0.19370900000001257,"failureMessages":[],"meta":{},"tags":[]},{"ancestorTitles":["sidebarModel"],"fullName":"sidebarModel makes the instance block the context on an instance route and does not repeat it","status":"passed","title":"makes the instance block the context on an instance route and does not repeat it","duration":0.145417000000009,"failureMessages":[],"meta":{},"tags":[]},{"ancestorTitles":["sidebarModel"],"fullName":"sidebarModel hides the instance block from non-operators and org links while no org is active","status":"passed","title":"hides the instance block from non-operators and org links while no org is active","duration":0.11304200000000719,"failureMessages":[],"meta":{},"tags":[]},{"ancestorTitles":["sidebarModel"],"fullName":"sidebarModel never shows the instance context to a non-operator even on its route","status":"passed","title":"never shows the instance context to a non-operator even on its route","duration":0.08587499999998727,"failureMessages":[],"meta":{},"tags":[]},{"ancestorTitles":["sidebarModel"],"fullName":"sidebarModel activates the filtered members projection only with its project query","status":"passed","title":"activates the filtered members projection only with its project query","duration":0.22137499999999477,"failureMessages":[],"meta":{},"tags":[]}],"startTime":1788627770811,"endTime":1788627770814.2214,"status":"passed","message":"","name":"/Users/developwent/.codex/artifacts/hikyo-1.0-20260905/private-remediation/client/web/src/routes/sidebar-model.test.ts"},{"assertionResults":[{"ancestorTitles":["useCeremonyTask scope ownership"],"fullName":"useCeremonyTask scope ownership ignores a deferred completion after navigation changes the scope","status":"passed","title":"ignores a deferred completion after navigation changes the scope","duration":12.700083000000006,"failureMessages":[],"meta":{},"tags":[]},{"ancestorTitles":["useCeremonyTask scope ownership"],"fullName":"useCeremonyTask scope ownership ignores a deferred completion after the owning surface unmounts","status":"passed","title":"ignores a deferred completion after the owning surface unmounts","duration":2.5375000000000227,"failureMessages":[],"meta":{},"tags":[]},{"ancestorTitles":["useCeremonyTask scope ownership"],"fullName":"useCeremonyTask scope ownership clears a staged continuation on cancellation without replay","status":"passed","title":"clears a staged continuation on cancellation without replay","duration":3.0514590000000226,"failureMessages":[],"meta":{},"tags":[]},{"ancestorTitles":["useCeremonyTask scope ownership"],"fullName":"useCeremonyTask scope ownership executes the current staged continuation once","status":"passed","title":"executes the current staged continuation once","duration":1.9420000000000073,"failureMessages":[],"meta":{},"tags":[]},{"ancestorTitles":["useCeremonyTask scope ownership"],"fullName":"useCeremonyTask scope ownership remains live after the StrictMode effect probe","status":"passed","title":"remains live after the StrictMode effect probe","duration":2.625083000000018,"failureMessages":[],"meta":{},"tags":[]},{"ancestorTitles":["useCeremonyTask scope ownership"],"fullName":"useCeremonyTask scope ownership does not let an obsolete modal callback authorise the newer task","status":"passed","title":"does not let an obsolete modal callback authorise the newer task","duration":2.289291999999989,"failureMessages":[],"meta":{},"tags":[]}],"startTime":1788627770403,"endTime":1788627770428.2893,"status":"passed","message":"","name":"/Users/developwent/.codex/artifacts/hikyo-1.0-20260905/private-remediation/client/web/src/routes/useCeremonyTask.test.tsx"},{"assertionResults":[{"ancestorTitles":["useProtectedPublishCeremony latest-run ownership"],"fullName":"useProtectedPublishCeremony latest-run ownership does not let an older guard completion replace a newer successful run","status":"passed","title":"does not let an older guard completion replace a newer successful run","duration":11.420124999999985,"failureMessages":[],"meta":{},"tags":[]},{"ancestorTitles":["useProtectedPublishCeremony latest-run ownership"],"fullName":"useProtectedPublishCeremony latest-run ownership keeps current-task ceremony success behavior","status":"passed","title":"keeps current-task ceremony success behavior","duration":3.760499999999979,"failureMessages":[],"meta":{},"tags":[]},{"ancestorTitles":["useProtectedPublishCeremony latest-run ownership"],"fullName":"useProtectedPublishCeremony latest-run ownership keeps current-task refusal feedback","status":"passed","title":"keeps current-task refusal feedback","duration":2.1273330000000215,"failureMessages":[],"meta":{},"tags":[]},{"ancestorTitles":["useProtectedPublishCeremony latest-run ownership"],"fullName":"useProtectedPublishCeremony latest-run ownership skips an unprotected merge ceremony","status":"passed","title":"skips an unprotected merge ceremony","duration":1.3083329999999478,"failureMessages":[],"meta":{},"tags":[]},{"ancestorTitles":["useProtectedPublishCeremony latest-run ownership"],"fullName":"useProtectedPublishCeremony latest-run ownership requires an approve ceremony even in an unprotected environment","status":"passed","title":"requires an approve ceremony even in an unprotected environment","duration":2.0423339999999826,"failureMessages":[],"meta":{},"tags":[]}],"startTime":1788627769263,"endTime":1788627769284.0422,"status":"passed","message":"","name":"/Users/developwent/.codex/artifacts/hikyo-1.0-20260905/private-remediation/client/web/src/routes/useProtectedPublishCeremony.test.tsx"},{"assertionResults":[{"ancestorTitles":["useWorkspaceHandoff"],"fullName":"useWorkspaceHandoff moves from contacting through authorising to success without re-arming","status":"passed","title":"moves from contacting through authorising to success without re-arming","duration":40.50037499999996,"failureMessages":[],"meta":{},"tags":[]},{"ancestorTitles":["useWorkspaceHandoff"],"fullName":"useWorkspaceHandoff exposes retry after preparation fails and leaves no false contacting state","status":"passed","title":"exposes retry after preparation fails and leaves no false contacting state","duration":17.124709000000053,"failureMessages":[],"meta":{},"tags":[]},{"ancestorTitles":["useWorkspaceHandoff"],"fullName":"useWorkspaceHandoff does not report a completed handoff after its consumer unmounts","status":"passed","title":"does not report a completed handoff after its consumer unmounts","duration":9.323291999999924,"failureMessages":[],"meta":{},"tags":[]},{"ancestorTitles":["useWorkspaceHandoff"],"fullName":"useWorkspaceHandoff fails with a retry affordance when a step-up bearer is unavailable","status":"passed","title":"fails with a retry affordance when a step-up bearer is unavailable","duration":3.8127920000000586,"failureMessages":[],"meta":{},"tags":[]},{"ancestorTitles":["useWorkspaceHandoff"],"fullName":"useWorkspaceHandoff replaces an in-flight contacting state immediately when preparation becomes unavailable","status":"passed","title":"replaces an in-flight contacting state immediately when preparation becomes unavailable","duration":14.945875000000001,"failureMessages":[],"meta":{},"tags":[]},{"ancestorTitles":["useWorkspaceHandoff"],"fullName":"useWorkspaceHandoff prepares once for stable step-up content and again when the target changes","status":"passed","title":"prepares once for stable step-up content and again when the target changes","duration":21.90604099999996,"failureMessages":[],"meta":{},"tags":[]}],"startTime":1788627769706,"endTime":1788627769813.906,"status":"passed","message":"","name":"/Users/developwent/.codex/artifacts/hikyo-1.0-20260905/private-remediation/client/web/src/routes/useWorkspaceHandoff.test.tsx"}]}